0 info it worked if it ends with ok
1 verbose cli [ '/usr/local/bin/node', '/usr/local/bin/npm', 'publish' ]
2 info using npm@3.10.10
3 info using node@v6.9.3
4 verbose publish [ '.' ]
5 silly cache add args [ '.', null ]
6 verbose cache add spec .
7 silly cache add parsed spec Result {
7 silly cache add   raw: '.',
7 silly cache add   scope: null,
7 silly cache add   escapedName: null,
7 silly cache add   name: null,
7 silly cache add   rawSpec: '.',
7 silly cache add   spec: '/Users/addroid/Documents/projects/dynamojo',
7 silly cache add   type: 'directory' }
8 verbose addLocalDirectory /Users/addroid/.npm/dynamojo/1.8.1/package.tgz not in flight; packing
9 verbose correctMkdir /Users/addroid/.npm correctMkdir not in flight; initializing
10 info lifecycle dynamojo@1.8.1~prepublish: dynamojo@1.8.1
11 silly lifecycle dynamojo@1.8.1~prepublish: no script for prepublish, continuing
12 verbose tar pack [ '/Users/addroid/.npm/dynamojo/1.8.1/package.tgz',
12 verbose tar pack   '/Users/addroid/Documents/projects/dynamojo' ]
13 verbose tarball /Users/addroid/.npm/dynamojo/1.8.1/package.tgz
14 verbose folder /Users/addroid/Documents/projects/dynamojo
15 verbose addLocalTarball adding from inside cache /Users/addroid/.npm/dynamojo/1.8.1/package.tgz
16 verbose correctMkdir /Users/addroid/.npm correctMkdir not in flight; initializing
17 silly cache afterAdd dynamojo@1.8.1
18 verbose afterAdd /Users/addroid/.npm/dynamojo/1.8.1/package/package.json not in flight; writing
19 verbose correctMkdir /Users/addroid/.npm correctMkdir not in flight; initializing
20 verbose afterAdd /Users/addroid/.npm/dynamojo/1.8.1/package/package.json written
21 silly publish { name: 'dynamojo',
21 silly publish   version: '1.8.1',
21 silly publish   description: 'A super simple and lightweight DynamoDB client for nodejs.',
21 silly publish   main: 'index.js',
21 silly publish   scripts:
21 silly publish    { test: 'echo "Error: no test specified" && exit 1',
21 silly publish      docs: './node_modules/jsdoc-to-markdown/bin/cli.js index.js > docs/README.md' },
21 silly publish   repository:
21 silly publish    { type: 'git',
21 silly publish      url: 'git+https://github.com/Callroom/dynamojo.git' },
21 silly publish   keywords: [ 'nodejs', 'dynamodb', 'dynamodb client', 'aws', 'nosql' ],
21 silly publish   author: { name: 'Brian Robinson' },
21 silly publish   license: 'MIT',
21 silly publish   bugs: { url: 'https://github.com/Callroom/dynamojo/issues' },
21 silly publish   homepage: 'https://github.com/Callroom/dynamojo#readme',
21 silly publish   dependencies: { uuid: '^3.0.1' },
21 silly publish   devDependencies: { 'jsdoc-to-markdown': '^3.0.0' },
21 silly publish   readme: '## dynamojo\nA super simple and lightweight DynamoDB client for nodejs.\n\nIf you are unfamiliar with DynamoDB, checkout Amazon Web Services: https://aws.amazon.com/dynamodb/\n\n\n### Installation\n```bash\nnpm install --save dynamojo\n```\n### Dependencies\n\n  - [aws-sdk](https://www.npmjs.com/package/aws-sdk)\n\nWe use dynamojo on AWS Lambda, which comes preloaded with the `aws-sdk`  package. So this package is not listed in the dependencies of this project. You may first have to install this package.\n(i.e. `npm install --save aws-sdk`)\n\n\n### Credentials\nWe recommend you use a `~/.aws/credentials` file to configure access to your DynamoDB instance. However, for convenience, there is a `config` method available to pass an aws config object to:\n\n```javascript\ndynamojo.config({ "accessKeyId": "akid", "secretAccessKey": "secret", "region": "us-west-2" })\n```\n---\n\n#### Documentation\n\nRead the Full [Documentation](docs/README.md)\n\n#### Basic Usage\n```javascript\nvar dynamojo = require(\'dynamojo\');\n\nvar item = {title:\'hello world\'};\n//insert a new item, will generate a new uuid on the primary key (id)\ndynamojo.insert(\'collection1\', db_item, function(err, inserted_item){\n  if(err){ console.log(err); return; }\n\n  console.log("Inserted: %s", inserted_item.id);\n\n  //get the item by primary key\n  dynamojo.get(\'collection1\', {id:inserted_item.id}, function(err, response){\n    if(err){ console.log(err); return; }\n\n    console.log("Found item: %s", response);\n\n    dynamojo.update(\'collection1\', inserted_item.id, {updated:true}, function(err, response){\n      if(err){ console.log(err); return; }\n\n      console.log("Updated item: %s", response);\n\n    }); //end update\n\n  }); //end get\n\n\n}); //end insert\n```\n',
21 silly publish   readmeFilename: 'README.md',
21 silly publish   gitHead: 'ce0dc9d74b2b76060712e9c7a863625669f281c1',
21 silly publish   _id: 'dynamojo@1.8.1',
21 silly publish   _shasum: '8c4b7e532a065e703de7a637d2b7eaf33a5a9181',
21 silly publish   _from: '.' }
22 verbose getPublishConfig undefined
23 silly mapToRegistry name dynamojo
24 silly mapToRegistry using default registry
25 silly mapToRegistry registry https://registry.npmjs.org/
26 silly mapToRegistry data Result {
26 silly mapToRegistry   raw: 'dynamojo',
26 silly mapToRegistry   scope: null,
26 silly mapToRegistry   escapedName: 'dynamojo',
26 silly mapToRegistry   name: 'dynamojo',
26 silly mapToRegistry   rawSpec: '',
26 silly mapToRegistry   spec: 'latest',
26 silly mapToRegistry   type: 'tag' }
27 silly mapToRegistry uri https://registry.npmjs.org/dynamojo
28 verbose publish registryBase https://registry.npmjs.org/
29 silly publish uploading /Users/addroid/.npm/dynamojo/1.8.1/package.tgz
30 verbose request uri https://registry.npmjs.org/dynamojo
31 verbose request sending authorization for write operation
32 info attempt registry request try #1 at 4:17:56 AM
33 verbose request using bearer token for auth
34 verbose request id 6a37fe44f05a79a0
35 http request PUT https://registry.npmjs.org/dynamojo
36 http 403 https://registry.npmjs.org/dynamojo
37 verbose headers { 'content-type': 'application/json',
37 verbose headers   'cache-control': 'max-age=300',
37 verbose headers   'content-length': '91',
37 verbose headers   'accept-ranges': 'bytes',
37 verbose headers   date: 'Sun, 04 Feb 2018 12:17:56 GMT',
37 verbose headers   via: '1.1 varnish',
37 verbose headers   connection: 'keep-alive',
37 verbose headers   'x-served-by': 'cache-lax8637-LAX',
37 verbose headers   'x-cache': 'MISS',
37 verbose headers   'x-cache-hits': '0',
37 verbose headers   'x-timer': 'S1517746677.570090,VS0,VE234',
37 verbose headers   vary: 'Accept-Encoding, Accept' }
38 verbose request invalidating /Users/addroid/.npm/registry.npmjs.org/dynamojo on PUT
39 error publish Failed PUT 403
40 verbose stack Error: You cannot publish over the previously published version 1.8.1. : dynamojo
40 verbose stack     at makeError (/usr/local/lib/node_modules/npm/node_modules/npm-registry-client/lib/request.js:302:12)
40 verbose stack     at CachingRegistryClient.<anonymous> (/usr/local/lib/node_modules/npm/node_modules/npm-registry-client/lib/request.js:290:14)
40 verbose stack     at Request._callback (/usr/local/lib/node_modules/npm/node_modules/npm-registry-client/lib/request.js:210:14)
40 verbose stack     at Request.self.callback (/usr/local/lib/node_modules/npm/node_modules/request/request.js:187:22)
40 verbose stack     at emitTwo (events.js:106:13)
40 verbose stack     at Request.emit (events.js:191:7)
40 verbose stack     at Request.<anonymous> (/usr/local/lib/node_modules/npm/node_modules/request/request.js:1048:10)
40 verbose stack     at emitOne (events.js:96:13)
40 verbose stack     at Request.emit (events.js:188:7)
40 verbose stack     at IncomingMessage.<anonymous> (/usr/local/lib/node_modules/npm/node_modules/request/request.js:969:12)
41 verbose statusCode 403
42 verbose pkgid dynamojo
43 verbose cwd /Users/addroid/Documents/projects/dynamojo
44 error Darwin 17.4.0
45 error argv "/usr/local/bin/node" "/usr/local/bin/npm" "publish"
46 error node v6.9.3
47 error npm  v3.10.10
48 error code E403
49 error You cannot publish over the previously published version 1.8.1. : dynamojo
50 error If you need help, you may report this error at:
50 error     <https://github.com/npm/npm/issues>
51 verbose exit [ 1, true ]
